<?xml version="1.0" encoding="UTF-8"?>
<!-- Generated by org.testng.reporters.JUnitReportReporter -->
<testsuite hostname="hepcbe147" failures="0" tests="1" name="TestCases.homePagetest" time="11.759" errors="0" timestamp="10 Apr 2019 16:13:59 GMT" skipped="0">
  <testcase classname="TestCases.homePagetest" name="homePage" time="11.759"/>
</testsuite> <!-- TestCases.homePagetest -->
