<?xml version="1.0" encoding="UTF-8"?>
<!-- Generated by org.testng.reporters.JUnitReportReporter -->
<testsuite hostname="hepcbe147" failures="0" tests="1" name="TestCases.homePagetest" time="10.067" errors="0" timestamp="15 Apr 2019 09:54:10 GMT" skipped="0">
  <testcase classname="TestCases.homePagetest" name="homePage" time="10.067"/>
</testsuite> <!-- TestCases.homePagetest -->
