<?xml version="1.0" encoding="UTF-8"?>
<!-- Generated by org.testng.reporters.JUnitReportReporter -->
<testsuite hostname="hepcbe147" failures="0" tests="1" name="TestCases.resultsPageTest" time="0.564" errors="0" timestamp="10 Apr 2019 16:13:59 GMT" skipped="0">
  <testcase classname="TestCases.resultsPageTest" name="resultPage" time="0.564"/>
</testsuite> <!-- TestCases.resultsPageTest -->
